2013/02/24 01:28:04 [error] [exception.CHttpException.404] exception 'CHttpException' with message 'The system is unable to find the requested action "contact.tumadre".' in /Applications/MAMP/htdocs/yii/framework/web/CController.php:483
Stack trace:
#0 /Applications/MAMP/htdocs/yii/framework/web/CController.php(270): CController->missingAction('contact.tumadre')
#1 /Applications/MAMP/htdocs/yii/framework/web/CWebApplication.php(282): CController->run('contact.tumadre')
#2 /Applications/MAMP/htdocs/yii/framework/web/CWebApplication.php(141): CWebApplication->runController('site/contact.tu...')
#3 /Applications/MAMP/htdocs/yii/framework/base/CApplication.php(169): CWebApplication->processRequest()
#4 /Applications/MAMP/htdocs/baseyii/index.php(13): CApplication->run()
#5 {main}
REQUEST_URI=/baseyii/site/contact.tumadre
HTTP_REFERER=http://localhost/baseyii/site/login.tumadre
---
2013/02/24 01:28:06 [error] [exception.CHttpException.404] exception 'CHttpException' with message 'The system is unable to find the requested action "contact.tumadre".' in /Applications/MAMP/htdocs/yii/framework/web/CController.php:483
Stack trace:
#0 /Applications/MAMP/htdocs/yii/framework/web/CController.php(270): CController->missingAction('contact.tumadre')
#1 /Applications/MAMP/htdocs/yii/framework/web/CWebApplication.php(282): CController->run('contact.tumadre')
#2 /Applications/MAMP/htdocs/yii/framework/web/CWebApplication.php(141): CWebApplication->runController('site/contact.tu...')
#3 /Applications/MAMP/htdocs/yii/framework/base/CApplication.php(169): CWebApplication->processRequest()
#4 /Applications/MAMP/htdocs/baseyii/index.php(13): CApplication->run()
#5 {main}
REQUEST_URI=/baseyii/site/contact.tumadre
HTTP_REFERER=http://localhost/baseyii/site/login.tumadre
---
2013/02/24 01:28:07 [error] [exception.CHttpException.404] exception 'CHttpException' with message 'The system is unable to find the requested action "index.gi".' in /Applications/MAMP/htdocs/yii/framework/web/CController.php:483
Stack trace:
#0 /Applications/MAMP/htdocs/yii/framework/web/CController.php(270): CController->missingAction('index.gi')
#1 /Applications/MAMP/htdocs/yii/framework/web/CWebApplication.php(282): CController->run('index.gi')
#2 /Applications/MAMP/htdocs/yii/framework/web/CWebApplication.php(141): CWebApplication->runController('site/index.gi')
#3 /Applications/MAMP/htdocs/yii/framework/base/CApplication.php(169): CWebApplication->processRequest()
#4 /Applications/MAMP/htdocs/baseyii/index.php(13): CApplication->run()
#5 {main}
REQUEST_URI=/baseyii/site/index.gi
HTTP_REFERER=http://localhost/baseyii/site/contact.tumadre
---
2013/02/24 01:28:09 [error] [exception.CHttpException.404] exception 'CHttpException' with message 'The system is unable to find the requested action "contact.gi".' in /Applications/MAMP/htdocs/yii/framework/web/CController.php:483
Stack trace:
#0 /Applications/MAMP/htdocs/yii/framework/web/CController.php(270): CController->missingAction('contact.gi')
#1 /Applications/MAMP/htdocs/yii/framework/web/CWebApplication.php(282): CController->run('contact.gi')
#2 /Applications/MAMP/htdocs/yii/framework/web/CWebApplication.php(141): CWebApplication->runController('site/contact.gi')
#3 /Applications/MAMP/htdocs/yii/framework/base/CApplication.php(169): CWebApplication->processRequest()
#4 /Applications/MAMP/htdocs/baseyii/index.php(13): CApplication->run()
#5 {main}
REQUEST_URI=/baseyii/site/contact.gi
HTTP_REFERER=http://localhost/baseyii/site/page.gi%20?view=about
---
2013/02/24 01:28:10 [error] [exception.CHttpException.404] exception 'CHttpException' with message 'The system is unable to find the requested action "login.gi".' in /Applications/MAMP/htdocs/yii/framework/web/CController.php:483
Stack trace:
#0 /Applications/MAMP/htdocs/yii/framework/web/CController.php(270): CController->missingAction('login.gi')
#1 /Applications/MAMP/htdocs/yii/framework/web/CWebApplication.php(282): CController->run('login.gi')
#2 /Applications/MAMP/htdocs/yii/framework/web/CWebApplication.php(141): CWebApplication->runController('site/login.gi')
#3 /Applications/MAMP/htdocs/yii/framework/base/CApplication.php(169): CWebApplication->processRequest()
#4 /Applications/MAMP/htdocs/baseyii/index.php(13): CApplication->run()
#5 {main}
REQUEST_URI=/baseyii/site/login.gi
HTTP_REFERER=http://localhost/baseyii/site/contact.gi
---
2013/02/24 01:29:11 [error] [exception.CHttpException.404] exception 'CHttpException' with message 'The system is unable to find the requested action "login.gi".' in /Applications/MAMP/htdocs/yii/framework/web/CController.php:483
Stack trace:
#0 /Applications/MAMP/htdocs/yii/framework/web/CController.php(270): CController->missingAction('login.gi')
#1 /Applications/MAMP/htdocs/yii/framework/web/CWebApplication.php(282): CController->run('login.gi')
#2 /Applications/MAMP/htdocs/yii/framework/web/CWebApplication.php(141): CWebApplication->runController('site/login.gi')
#3 /Applications/MAMP/htdocs/yii/framework/base/CApplication.php(169): CWebApplication->processRequest()
#4 /Applications/MAMP/htdocs/baseyii/index.php(13): CApplication->run()
#5 {main}
REQUEST_URI=/baseyii/site/login.gi
HTTP_REFERER=http://localhost/baseyii/site/login.gi
---
2013/02/24 01:29:12 [error] [exception.CHttpException.404] exception 'CHttpException' with message 'The system is unable to find the requested action "contact.gi".' in /Applications/MAMP/htdocs/yii/framework/web/CController.php:483
Stack trace:
#0 /Applications/MAMP/htdocs/yii/framework/web/CController.php(270): CController->missingAction('contact.gi')
#1 /Applications/MAMP/htdocs/yii/framework/web/CWebApplication.php(282): CController->run('contact.gi')
#2 /Applications/MAMP/htdocs/yii/framework/web/CWebApplication.php(141): CWebApplication->runController('site/contact.gi')
#3 /Applications/MAMP/htdocs/yii/framework/base/CApplication.php(169): CWebApplication->processRequest()
#4 /Applications/MAMP/htdocs/baseyii/index.php(13): CApplication->run()
#5 {main}
REQUEST_URI=/baseyii/site/contact.gi
HTTP_REFERER=http://localhost/baseyii/site/login.gi
---
2013/02/24 01:29:14 [error] [exception.CHttpException.404] exception 'CHttpException' with message 'The system is unable to find the requested action "index.gi".' in /Applications/MAMP/htdocs/yii/framework/web/CController.php:483
Stack trace:
#0 /Applications/MAMP/htdocs/yii/framework/web/CController.php(270): CController->missingAction('index.gi')
#1 /Applications/MAMP/htdocs/yii/framework/web/CWebApplication.php(282): CController->run('index.gi')
#2 /Applications/MAMP/htdocs/yii/framework/web/CWebApplication.php(141): CWebApplication->runController('site/index.gi')
#3 /Applications/MAMP/htdocs/yii/framework/base/CApplication.php(169): CWebApplication->processRequest()
#4 /Applications/MAMP/htdocs/baseyii/index.php(13): CApplication->run()
#5 {main}
REQUEST_URI=/baseyii/site/index.gi
HTTP_REFERER=http://localhost/baseyii/site/page.gi%20?view=about
---
2013/02/24 01:29:24 [error] [exception.CHttpException.404] exception 'CHttpException' with message 'The system is unable to find the requested action "contact.gi".' in /Applications/MAMP/htdocs/yii/framework/web/CController.php:483
Stack trace:
#0 /Applications/MAMP/htdocs/yii/framework/web/CController.php(270): CController->missingAction('contact.gi')
#1 /Applications/MAMP/htdocs/yii/framework/web/CWebApplication.php(282): CController->run('contact.gi')
#2 /Applications/MAMP/htdocs/yii/framework/web/CWebApplication.php(141): CWebApplication->runController('site/contact.gi')
#3 /Applications/MAMP/htdocs/yii/framework/base/CApplication.php(169): CWebApplication->processRequest()
#4 /Applications/MAMP/htdocs/baseyii/index.php(13): CApplication->run()
#5 {main}
REQUEST_URI=/baseyii/site/contact.gi
HTTP_REFERER=http://localhost/baseyii/site/page.gi%20?view=about
---
2013/02/24 01:29:25 [error] [exception.CHttpException.404] exception 'CHttpException' with message 'The system is unable to find the requested action "login.gi".' in /Applications/MAMP/htdocs/yii/framework/web/CController.php:483
Stack trace:
#0 /Applications/MAMP/htdocs/yii/framework/web/CController.php(270): CController->missingAction('login.gi')
#1 /Applications/MAMP/htdocs/yii/framework/web/CWebApplication.php(282): CController->run('login.gi')
#2 /Applications/MAMP/htdocs/yii/framework/web/CWebApplication.php(141): CWebApplication->runController('site/login.gi')
#3 /Applications/MAMP/htdocs/yii/framework/base/CApplication.php(169): CWebApplication->processRequest()
#4 /Applications/MAMP/htdocs/baseyii/index.php(13): CApplication->run()
#5 {main}
REQUEST_URI=/baseyii/site/login.gi
HTTP_REFERER=http://localhost/baseyii/site/contact.gi
---
2013/02/24 02:34:18 [error] [exception.CHttpException.404] exception 'CHttpException' with message 'Unable to resolve the request "assets/lib/bootstrap/less/mixins.less".' in /Applications/MAMP/htdocs/yii/framework/web/CWebApplication.php:286
Stack trace:
#0 /Applications/MAMP/htdocs/yii/framework/web/CWebApplication.php(141): CWebApplication->runController('assets/lib/boot...')
#1 /Applications/MAMP/htdocs/yii/framework/base/CApplication.php(169): CWebApplication->processRequest()
#2 /Applications/MAMP/htdocs/baseyii/index.php(13): CApplication->run()
#3 {main}
REQUEST_URI=/baseyii/assets/lib/bootstrap/less/mixins.less
HTTP_REFERER=http://localhost/baseyii/site/index.gi
---
2013/02/24 02:34:21 [error] [exception.CHttpException.404] exception 'CHttpException' with message 'Unable to resolve the request "assets/lib/bootstrap/less/mixins.less".' in /Applications/MAMP/htdocs/yii/framework/web/CWebApplication.php:286
Stack trace:
#0 /Applications/MAMP/htdocs/yii/framework/web/CWebApplication.php(141): CWebApplication->runController('assets/lib/boot...')
#1 /Applications/MAMP/htdocs/yii/framework/base/CApplication.php(169): CWebApplication->processRequest()
#2 /Applications/MAMP/htdocs/baseyii/index.php(13): CApplication->run()
#3 {main}
REQUEST_URI=/baseyii/assets/lib/bootstrap/less/mixins.less
HTTP_REFERER=http://localhost/baseyii/site/page.gi?view=about
---
2013/02/24 02:34:30 [error] [exception.CHttpException.404] exception 'CHttpException' with message 'Unable to resolve the request "assets/lib/bootstrap/less/mixins.less".' in /Applications/MAMP/htdocs/yii/framework/web/CWebApplication.php:286
Stack trace:
#0 /Applications/MAMP/htdocs/yii/framework/web/CWebApplication.php(141): CWebApplication->runController('assets/lib/boot...')
#1 /Applications/MAMP/htdocs/yii/framework/base/CApplication.php(169): CWebApplication->processRequest()
#2 /Applications/MAMP/htdocs/baseyii/index.php(13): CApplication->run()
#3 {main}
REQUEST_URI=/baseyii/assets/lib/bootstrap/less/mixins.less
HTTP_REFERER=http://localhost/baseyii/site/contact.gi
---
2013/02/24 02:34:32 [error] [exception.CHttpException.404] exception 'CHttpException' with message 'Unable to resolve the request "assets/lib/bootstrap/less/mixins.less".' in /Applications/MAMP/htdocs/yii/framework/web/CWebApplication.php:286
Stack trace:
#0 /Applications/MAMP/htdocs/yii/framework/web/CWebApplication.php(141): CWebApplication->runController('assets/lib/boot...')
#1 /Applications/MAMP/htdocs/yii/framework/base/CApplication.php(169): CWebApplication->processRequest()
#2 /Applications/MAMP/htdocs/baseyii/index.php(13): CApplication->run()
#3 {main}
REQUEST_URI=/baseyii/assets/lib/bootstrap/less/mixins.less
HTTP_REFERER=http://localhost/baseyii/site/login.gi
---
2013/02/24 02:34:34 [error] [exception.CHttpException.404] exception 'CHttpException' with message 'Unable to resolve the request "assets/lib/bootstrap/less/mixins.less".' in /Applications/MAMP/htdocs/yii/framework/web/CWebApplication.php:286
Stack trace:
#0 /Applications/MAMP/htdocs/yii/framework/web/CWebApplication.php(141): CWebApplication->runController('assets/lib/boot...')
#1 /Applications/MAMP/htdocs/yii/framework/base/CApplication.php(169): CWebApplication->processRequest()
#2 /Applications/MAMP/htdocs/baseyii/index.php(13): CApplication->run()
#3 {main}
REQUEST_URI=/baseyii/assets/lib/bootstrap/less/mixins.less
HTTP_REFERER=http://localhost/baseyii/site/index.gi
---
2013/02/24 02:34:35 [error] [exception.CHttpException.404] exception 'CHttpException' with message 'Unable to resolve the request "assets/lib/bootstrap/less/mixins.less".' in /Applications/MAMP/htdocs/yii/framework/web/CWebApplication.php:286
Stack trace:
#0 /Applications/MAMP/htdocs/yii/framework/web/CWebApplication.php(141): CWebApplication->runController('assets/lib/boot...')
#1 /Applications/MAMP/htdocs/yii/framework/base/CApplication.php(169): CWebApplication->processRequest()
#2 /Applications/MAMP/htdocs/baseyii/index.php(13): CApplication->run()
#3 {main}
REQUEST_URI=/baseyii/assets/lib/bootstrap/less/mixins.less
HTTP_REFERER=http://localhost/baseyii/site/page.gi?view=about
---
2013/02/24 02:34:37 [error] [exception.CHttpException.404] exception 'CHttpException' with message 'Unable to resolve the request "assets/lib/bootstrap/less/mixins.less".' in /Applications/MAMP/htdocs/yii/framework/web/CWebApplication.php:286
Stack trace:
#0 /Applications/MAMP/htdocs/yii/framework/web/CWebApplication.php(141): CWebApplication->runController('assets/lib/boot...')
#1 /Applications/MAMP/htdocs/yii/framework/base/CApplication.php(169): CWebApplication->processRequest()
#2 /Applications/MAMP/htdocs/baseyii/index.php(13): CApplication->run()
#3 {main}
REQUEST_URI=/baseyii/assets/lib/bootstrap/less/mixins.less
HTTP_REFERER=http://localhost/baseyii/site/contact.gi
---
2013/02/24 02:34:37 [error] [exception.CHttpException.404] exception 'CHttpException' with message 'Unable to resolve the request "assets/lib/bootstrap/less/mixins.less".' in /Applications/MAMP/htdocs/yii/framework/web/CWebApplication.php:286
Stack trace:
#0 /Applications/MAMP/htdocs/yii/framework/web/CWebApplication.php(141): CWebApplication->runController('assets/lib/boot...')
#1 /Applications/MAMP/htdocs/yii/framework/base/CApplication.php(169): CWebApplication->processRequest()
#2 /Applications/MAMP/htdocs/baseyii/index.php(13): CApplication->run()
#3 {main}
REQUEST_URI=/baseyii/assets/lib/bootstrap/less/mixins.less
HTTP_REFERER=http://localhost/baseyii/site/login.gi
---
2013/02/24 02:34:39 [error] [exception.CHttpException.404] exception 'CHttpException' with message 'Unable to resolve the request "assets/lib/bootstrap/less/mixins.less".' in /Applications/MAMP/htdocs/yii/framework/web/CWebApplication.php:286
Stack trace:
#0 /Applications/MAMP/htdocs/yii/framework/web/CWebApplication.php(141): CWebApplication->runController('assets/lib/boot...')
#1 /Applications/MAMP/htdocs/yii/framework/base/CApplication.php(169): CWebApplication->processRequest()
#2 /Applications/MAMP/htdocs/baseyii/index.php(13): CApplication->run()
#3 {main}
REQUEST_URI=/baseyii/assets/lib/bootstrap/less/mixins.less
HTTP_REFERER=http://localhost/baseyii/site/contact.gi
---
2013/02/24 02:34:40 [error] [exception.CHttpException.404] exception 'CHttpException' with message 'Unable to resolve the request "assets/lib/bootstrap/less/mixins.less".' in /Applications/MAMP/htdocs/yii/framework/web/CWebApplication.php:286
Stack trace:
#0 /Applications/MAMP/htdocs/yii/framework/web/CWebApplication.php(141): CWebApplication->runController('assets/lib/boot...')
#1 /Applications/MAMP/htdocs/yii/framework/base/CApplication.php(169): CWebApplication->processRequest()
#2 /Applications/MAMP/htdocs/baseyii/index.php(13): CApplication->run()
#3 {main}
REQUEST_URI=/baseyii/assets/lib/bootstrap/less/mixins.less
HTTP_REFERER=http://localhost/baseyii/site/index.gi
---
2013/02/24 02:34:41 [error] [exception.CHttpException.404] exception 'CHttpException' with message 'Unable to resolve the request "assets/lib/bootstrap/less/mixins.less".' in /Applications/MAMP/htdocs/yii/framework/web/CWebApplication.php:286
Stack trace:
#0 /Applications/MAMP/htdocs/yii/framework/web/CWebApplication.php(141): CWebApplication->runController('assets/lib/boot...')
#1 /Applications/MAMP/htdocs/yii/framework/base/CApplication.php(169): CWebApplication->processRequest()
#2 /Applications/MAMP/htdocs/baseyii/index.php(13): CApplication->run()
#3 {main}
REQUEST_URI=/baseyii/assets/lib/bootstrap/less/mixins.less
HTTP_REFERER=http://localhost/baseyii/site/page.gi?view=about
---
2013/02/24 02:34:43 [error] [exception.CHttpException.404] exception 'CHttpException' with message 'Unable to resolve the request "assets/lib/bootstrap/less/mixins.less".' in /Applications/MAMP/htdocs/yii/framework/web/CWebApplication.php:286
Stack trace:
#0 /Applications/MAMP/htdocs/yii/framework/web/CWebApplication.php(141): CWebApplication->runController('assets/lib/boot...')
#1 /Applications/MAMP/htdocs/yii/framework/base/CApplication.php(169): CWebApplication->processRequest()
#2 /Applications/MAMP/htdocs/baseyii/index.php(13): CApplication->run()
#3 {main}
REQUEST_URI=/baseyii/assets/lib/bootstrap/less/mixins.less
HTTP_REFERER=http://localhost/baseyii/site/index.gi
---
2013/02/24 02:34:53 [error] [exception.CHttpException.404] exception 'CHttpException' with message 'Unable to resolve the request "assets/lib/bootstrap/less/mixins.less".' in /Applications/MAMP/htdocs/yii/framework/web/CWebApplication.php:286
Stack trace:
#0 /Applications/MAMP/htdocs/yii/framework/web/CWebApplication.php(141): CWebApplication->runController('assets/lib/boot...')
#1 /Applications/MAMP/htdocs/yii/framework/base/CApplication.php(169): CWebApplication->processRequest()
#2 /Applications/MAMP/htdocs/baseyii/index.php(13): CApplication->run()
#3 {main}
REQUEST_URI=/baseyii/assets/lib/bootstrap/less/mixins.less
HTTP_REFERER=http://localhost/baseyii/
---
2013/02/24 02:34:54 [error] [exception.CHttpException.404] exception 'CHttpException' with message 'Unable to resolve the request "assets/lib/bootstrap/less/mixins.less".' in /Applications/MAMP/htdocs/yii/framework/web/CWebApplication.php:286
Stack trace:
#0 /Applications/MAMP/htdocs/yii/framework/web/CWebApplication.php(141): CWebApplication->runController('assets/lib/boot...')
#1 /Applications/MAMP/htdocs/yii/framework/base/CApplication.php(169): CWebApplication->processRequest()
#2 /Applications/MAMP/htdocs/baseyii/index.php(13): CApplication->run()
#3 {main}
REQUEST_URI=/baseyii/assets/lib/bootstrap/less/mixins.less
HTTP_REFERER=http://localhost/baseyii/
---
2013/02/24 02:34:58 [error] [exception.CHttpException.404] exception 'CHttpException' with message 'Unable to resolve the request "assets/lib/bootstrap/less/mixins.less".' in /Applications/MAMP/htdocs/yii/framework/web/CWebApplication.php:286
Stack trace:
#0 /Applications/MAMP/htdocs/yii/framework/web/CWebApplication.php(141): CWebApplication->runController('assets/lib/boot...')
#1 /Applications/MAMP/htdocs/yii/framework/base/CApplication.php(169): CWebApplication->processRequest()
#2 /Applications/MAMP/htdocs/baseyii/index.php(13): CApplication->run()
#3 {main}
REQUEST_URI=/baseyii/assets/lib/bootstrap/less/mixins.less
HTTP_REFERER=http://localhost/baseyii/site/page.gi?view=about
---
2013/02/24 02:35:00 [error] [exception.CHttpException.404] exception 'CHttpException' with message 'Unable to resolve the request "assets/lib/bootstrap/less/mixins.less".' in /Applications/MAMP/htdocs/yii/framework/web/CWebApplication.php:286
Stack trace:
#0 /Applications/MAMP/htdocs/yii/framework/web/CWebApplication.php(141): CWebApplication->runController('assets/lib/boot...')
#1 /Applications/MAMP/htdocs/yii/framework/base/CApplication.php(169): CWebApplication->processRequest()
#2 /Applications/MAMP/htdocs/baseyii/index.php(13): CApplication->run()
#3 {main}
REQUEST_URI=/baseyii/assets/lib/bootstrap/less/mixins.less
HTTP_REFERER=http://localhost/baseyii/site/contact.gi
---
2013/02/24 02:35:40 [error] [exception.CHttpException.404] exception 'CHttpException' with message 'Unable to resolve the request "assets/lib/bootstrap/less/mixins.less".' in /Applications/MAMP/htdocs/yii/framework/web/CWebApplication.php:286
Stack trace:
#0 /Applications/MAMP/htdocs/yii/framework/web/CWebApplication.php(141): CWebApplication->runController('assets/lib/boot...')
#1 /Applications/MAMP/htdocs/yii/framework/base/CApplication.php(169): CWebApplication->processRequest()
#2 /Applications/MAMP/htdocs/baseyii/index.php(13): CApplication->run()
#3 {main}
REQUEST_URI=/baseyii/assets/lib/bootstrap/less/mixins.less
HTTP_REFERER=http://localhost/baseyii/site/page.gi?view=about
---
2013/02/24 02:35:45 [error] [exception.CHttpException.404] exception 'CHttpException' with message 'The system is unable to find the requested action "gii".' in /Applications/MAMP/htdocs/yii/framework/web/CController.php:483
Stack trace:
#0 /Applications/MAMP/htdocs/yii/framework/web/CController.php(270): CController->missingAction('gii')
#1 /Applications/MAMP/htdocs/yii/framework/web/CWebApplication.php(282): CController->run('gii')
#2 /Applications/MAMP/htdocs/yii/framework/web/CWebApplication.php(141): CWebApplication->runController('site/gii')
#3 /Applications/MAMP/htdocs/yii/framework/base/CApplication.php(169): CWebApplication->processRequest()
#4 /Applications/MAMP/htdocs/baseyii/index.php(13): CApplication->run()
#5 {main}
REQUEST_URI=/baseyii/site/gii
---
2013/02/24 02:35:45 [error] [exception.CHttpException.404] exception 'CHttpException' with message 'Unable to resolve the request "assets/lib/bootstrap/less/mixins.less".' in /Applications/MAMP/htdocs/yii/framework/web/CWebApplication.php:286
Stack trace:
#0 /Applications/MAMP/htdocs/yii/framework/web/CWebApplication.php(141): CWebApplication->runController('assets/lib/boot...')
#1 /Applications/MAMP/htdocs/yii/framework/base/CApplication.php(169): CWebApplication->processRequest()
#2 /Applications/MAMP/htdocs/baseyii/index.php(13): CApplication->run()
#3 {main}
REQUEST_URI=/baseyii/assets/lib/bootstrap/less/mixins.less
HTTP_REFERER=http://localhost/baseyii/site/gii
---
2013/02/24 02:37:42 [error] [exception.CHttpException.404] exception 'CHttpException' with message 'Unable to resolve the request "assets/lib/bootstrap/less/mixins.less".' in /Applications/MAMP/htdocs/yii/framework/web/CWebApplication.php:286
Stack trace:
#0 /Applications/MAMP/htdocs/yii/framework/web/CWebApplication.php(141): CWebApplication->runController('assets/lib/boot...')
#1 /Applications/MAMP/htdocs/yii/framework/base/CApplication.php(169): CWebApplication->processRequest()
#2 /Applications/MAMP/htdocs/baseyii/index.php(13): CApplication->run()
#3 {main}
REQUEST_URI=/baseyii/assets/lib/bootstrap/less/mixins.less
HTTP_REFERER=http://localhost/baseyii/
---
2013/02/24 02:39:51 [error] [exception.CHttpException.404] exception 'CHttpException' with message 'Unable to resolve the request "assets/lib/bootstrap/less/mixins.less".' in /Applications/MAMP/htdocs/yii/framework/web/CWebApplication.php:286
Stack trace:
#0 /Applications/MAMP/htdocs/yii/framework/web/CWebApplication.php(141): CWebApplication->runController('assets/lib/boot...')
#1 /Applications/MAMP/htdocs/yii/framework/base/CApplication.php(169): CWebApplication->processRequest()
#2 /Applications/MAMP/htdocs/baseyii/index.php(13): CApplication->run()
#3 {main}
REQUEST_URI=/baseyii/assets/lib/bootstrap/less/mixins.less
HTTP_REFERER=http://localhost/baseyii/site/contact.gi
---
2013/02/24 02:44:58 [error] [exception.CHttpException.404] exception 'CHttpException' with message 'Unable to resolve the request "assets/lib/bootstrap/less/mixins.less".' in /Applications/MAMP/htdocs/yii/framework/web/CWebApplication.php:286
Stack trace:
#0 /Applications/MAMP/htdocs/yii/framework/web/CWebApplication.php(141): CWebApplication->runController('assets/lib/boot...')
#1 /Applications/MAMP/htdocs/yii/framework/base/CApplication.php(169): CWebApplication->processRequest()
#2 /Applications/MAMP/htdocs/baseyii/index.php(13): CApplication->run()
#3 {main}
REQUEST_URI=/baseyii/assets/lib/bootstrap/less/mixins.less
HTTP_REFERER=http://localhost/baseyii/
---
2013/02/24 02:45:04 [error] [exception.CHttpException.404] exception 'CHttpException' with message 'Unable to resolve the request "assets/lib/bootstrap/less/mixins.less".' in /Applications/MAMP/htdocs/yii/framework/web/CWebApplication.php:286
Stack trace:
#0 /Applications/MAMP/htdocs/yii/framework/web/CWebApplication.php(141): CWebApplication->runController('assets/lib/boot...')
#1 /Applications/MAMP/htdocs/yii/framework/base/CApplication.php(169): CWebApplication->processRequest()
#2 /Applications/MAMP/htdocs/baseyii/index.php(13): CApplication->run()
#3 {main}
REQUEST_URI=/baseyii/assets/lib/bootstrap/less/mixins.less
HTTP_REFERER=http://localhost/baseyii/site/login.gi
---
2013/02/24 02:45:08 [error] [exception.CHttpException.404] exception 'CHttpException' with message 'Unable to resolve the request "assets/lib/bootstrap/less/mixins.less".' in /Applications/MAMP/htdocs/yii/framework/web/CWebApplication.php:286
Stack trace:
#0 /Applications/MAMP/htdocs/yii/framework/web/CWebApplication.php(141): CWebApplication->runController('assets/lib/boot...')
#1 /Applications/MAMP/htdocs/yii/framework/base/CApplication.php(169): CWebApplication->processRequest()
#2 /Applications/MAMP/htdocs/baseyii/index.php(13): CApplication->run()
#3 {main}
REQUEST_URI=/baseyii/assets/lib/bootstrap/less/mixins.less
HTTP_REFERER=http://localhost/baseyii/site/contact.gi
---
2013/02/24 02:45:58 [error] [exception.CHttpException.404] exception 'CHttpException' with message 'Unable to resolve the request "assets/lib/bootstrap/less/mixins.less".' in /Applications/MAMP/htdocs/yii/framework/web/CWebApplication.php:286
Stack trace:
#0 /Applications/MAMP/htdocs/yii/framework/web/CWebApplication.php(141): CWebApplication->runController('assets/lib/boot...')
#1 /Applications/MAMP/htdocs/yii/framework/base/CApplication.php(169): CWebApplication->processRequest()
#2 /Applications/MAMP/htdocs/baseyii/index.php(13): CApplication->run()
#3 {main}
REQUEST_URI=/baseyii/assets/lib/bootstrap/less/mixins.less
HTTP_REFERER=http://localhost/baseyii/
---
2013/02/24 02:46:12 [error] [exception.CHttpException.404] exception 'CHttpException' with message 'Unable to resolve the request "assets/lib/bootstrap/less/mixins.less".' in /Applications/MAMP/htdocs/yii/framework/web/CWebApplication.php:286
Stack trace:
#0 /Applications/MAMP/htdocs/yii/framework/web/CWebApplication.php(141): CWebApplication->runController('assets/lib/boot...')
#1 /Applications/MAMP/htdocs/yii/framework/base/CApplication.php(169): CWebApplication->processRequest()
#2 /Applications/MAMP/htdocs/baseyii/index.php(13): CApplication->run()
#3 {main}
REQUEST_URI=/baseyii/assets/lib/bootstrap/less/mixins.less
HTTP_REFERER=http://localhost/baseyii/site/page.gi?view=about
---
2013/02/24 02:46:14 [error] [exception.CHttpException.404] exception 'CHttpException' with message 'Unable to resolve the request "assets/lib/bootstrap/less/mixins.less".' in /Applications/MAMP/htdocs/yii/framework/web/CWebApplication.php:286
Stack trace:
#0 /Applications/MAMP/htdocs/yii/framework/web/CWebApplication.php(141): CWebApplication->runController('assets/lib/boot...')
#1 /Applications/MAMP/htdocs/yii/framework/base/CApplication.php(169): CWebApplication->processRequest()
#2 /Applications/MAMP/htdocs/baseyii/index.php(13): CApplication->run()
#3 {main}
REQUEST_URI=/baseyii/assets/lib/bootstrap/less/mixins.less
HTTP_REFERER=http://localhost/baseyii/site/contact.gi
---
2013/02/24 02:46:36 [error] [exception.CHttpException.404] exception 'CHttpException' with message 'Unable to resolve the request "assets/lib/bootstrap/less/mixins.less".' in /Applications/MAMP/htdocs/yii/framework/web/CWebApplication.php:286
Stack trace:
#0 /Applications/MAMP/htdocs/yii/framework/web/CWebApplication.php(141): CWebApplication->runController('assets/lib/boot...')
#1 /Applications/MAMP/htdocs/yii/framework/base/CApplication.php(169): CWebApplication->processRequest()
#2 /Applications/MAMP/htdocs/baseyii/index.php(13): CApplication->run()
#3 {main}
REQUEST_URI=/baseyii/assets/lib/bootstrap/less/mixins.less
HTTP_REFERER=http://localhost/baseyii/
---
2013/02/24 02:46:38 [error] [exception.CHttpException.404] exception 'CHttpException' with message 'Unable to resolve the request "assets/lib/bootstrap/less/mixins.less".' in /Applications/MAMP/htdocs/yii/framework/web/CWebApplication.php:286
Stack trace:
#0 /Applications/MAMP/htdocs/yii/framework/web/CWebApplication.php(141): CWebApplication->runController('assets/lib/boot...')
#1 /Applications/MAMP/htdocs/yii/framework/base/CApplication.php(169): CWebApplication->processRequest()
#2 /Applications/MAMP/htdocs/baseyii/index.php(13): CApplication->run()
#3 {main}
REQUEST_URI=/baseyii/assets/lib/bootstrap/less/mixins.less
HTTP_REFERER=http://localhost/baseyii/site/contact.tumadre
---
2013/02/24 02:47:04 [error] [exception.CHttpException.404] exception 'CHttpException' with message 'The system is unable to find the requested action "index.tumadre".' in /Applications/MAMP/htdocs/yii/framework/web/CController.php:483
Stack trace:
#0 /Applications/MAMP/htdocs/yii/framework/web/CController.php(270): CController->missingAction('index.tumadre')
#1 /Applications/MAMP/htdocs/yii/framework/web/CWebApplication.php(282): CController->run('index.tumadre')
#2 /Applications/MAMP/htdocs/yii/framework/web/CWebApplication.php(141): CWebApplication->runController('site/index.tuma...')
#3 /Applications/MAMP/htdocs/yii/framework/base/CApplication.php(169): CWebApplication->processRequest()
#4 /Applications/MAMP/htdocs/baseyii/index.php(13): CApplication->run()
#5 {main}
REQUEST_URI=/baseyii/site/index.tumadre
HTTP_REFERER=http://localhost/baseyii/site/contact.tumadre
---
2013/02/24 02:47:04 [error] [exception.CHttpException.404] exception 'CHttpException' with message 'Unable to resolve the request "assets/lib/bootstrap/less/mixins.less".' in /Applications/MAMP/htdocs/yii/framework/web/CWebApplication.php:286
Stack trace:
#0 /Applications/MAMP/htdocs/yii/framework/web/CWebApplication.php(141): CWebApplication->runController('assets/lib/boot...')
#1 /Applications/MAMP/htdocs/yii/framework/base/CApplication.php(169): CWebApplication->processRequest()
#2 /Applications/MAMP/htdocs/baseyii/index.php(13): CApplication->run()
#3 {main}
REQUEST_URI=/baseyii/assets/lib/bootstrap/less/mixins.less
HTTP_REFERER=http://localhost/baseyii/site/index.tumadre
---
2013/02/24 02:47:05 [error] [exception.CHttpException.404] exception 'CHttpException' with message 'Unable to resolve the request "assets/lib/bootstrap/less/mixins.less".' in /Applications/MAMP/htdocs/yii/framework/web/CWebApplication.php:286
Stack trace:
#0 /Applications/MAMP/htdocs/yii/framework/web/CWebApplication.php(141): CWebApplication->runController('assets/lib/boot...')
#1 /Applications/MAMP/htdocs/yii/framework/base/CApplication.php(169): CWebApplication->processRequest()
#2 /Applications/MAMP/htdocs/baseyii/index.php(13): CApplication->run()
#3 {main}
REQUEST_URI=/baseyii/assets/lib/bootstrap/less/mixins.less
HTTP_REFERER=http://localhost/baseyii/
---
2013/02/24 02:47:06 [error] [exception.CHttpException.404] exception 'CHttpException' with message 'Unable to resolve the request "assets/lib/bootstrap/less/mixins.less".' in /Applications/MAMP/htdocs/yii/framework/web/CWebApplication.php:286
Stack trace:
#0 /Applications/MAMP/htdocs/yii/framework/web/CWebApplication.php(141): CWebApplication->runController('assets/lib/boot...')
#1 /Applications/MAMP/htdocs/yii/framework/base/CApplication.php(169): CWebApplication->processRequest()
#2 /Applications/MAMP/htdocs/baseyii/index.php(13): CApplication->run()
#3 {main}
REQUEST_URI=/baseyii/assets/lib/bootstrap/less/mixins.less
HTTP_REFERER=http://localhost/baseyii/site/contact.asp
---
2013/02/24 02:47:23 [error] [exception.CHttpException.404] exception 'CHttpException' with message 'Unable to resolve the request "assets/lib/bootstrap/less/mixins.less".' in /Applications/MAMP/htdocs/yii/framework/web/CWebApplication.php:286
Stack trace:
#0 /Applications/MAMP/htdocs/yii/framework/web/CWebApplication.php(141): CWebApplication->runController('assets/lib/boot...')
#1 /Applications/MAMP/htdocs/yii/framework/base/CApplication.php(169): CWebApplication->processRequest()
#2 /Applications/MAMP/htdocs/baseyii/index.php(13): CApplication->run()
#3 {main}
REQUEST_URI=/baseyii/assets/lib/bootstrap/less/mixins.less
HTTP_REFERER=http://localhost/baseyii/
---
2013/02/24 02:47:27 [error] [exception.CHttpException.404] exception 'CHttpException' with message 'Unable to resolve the request "assets/lib/bootstrap/less/mixins.less".' in /Applications/MAMP/htdocs/yii/framework/web/CWebApplication.php:286
Stack trace:
#0 /Applications/MAMP/htdocs/yii/framework/web/CWebApplication.php(141): CWebApplication->runController('assets/lib/boot...')
#1 /Applications/MAMP/htdocs/yii/framework/base/CApplication.php(169): CWebApplication->processRequest()
#2 /Applications/MAMP/htdocs/baseyii/index.php(13): CApplication->run()
#3 {main}
REQUEST_URI=/baseyii/assets/lib/bootstrap/less/mixins.less
HTTP_REFERER=http://localhost/baseyii/
---
2013/02/24 02:47:31 [error] [exception.CHttpException.404] exception 'CHttpException' with message 'Unable to resolve the request "assets/lib/bootstrap/less/mixins.less".' in /Applications/MAMP/htdocs/yii/framework/web/CWebApplication.php:286
Stack trace:
#0 /Applications/MAMP/htdocs/yii/framework/web/CWebApplication.php(141): CWebApplication->runController('assets/lib/boot...')
#1 /Applications/MAMP/htdocs/yii/framework/base/CApplication.php(169): CWebApplication->processRequest()
#2 /Applications/MAMP/htdocs/baseyii/index.php(13): CApplication->run()
#3 {main}
REQUEST_URI=/baseyii/assets/lib/bootstrap/less/mixins.less
HTTP_REFERER=http://localhost/baseyii/site/page.asp?view=about
---
2013/02/24 02:47:32 [error] [exception.CHttpException.404] exception 'CHttpException' with message 'Unable to resolve the request "assets/lib/bootstrap/less/mixins.less".' in /Applications/MAMP/htdocs/yii/framework/web/CWebApplication.php:286
Stack trace:
#0 /Applications/MAMP/htdocs/yii/framework/web/CWebApplication.php(141): CWebApplication->runController('assets/lib/boot...')
#1 /Applications/MAMP/htdocs/yii/framework/base/CApplication.php(169): CWebApplication->processRequest()
#2 /Applications/MAMP/htdocs/baseyii/index.php(13): CApplication->run()
#3 {main}
REQUEST_URI=/baseyii/assets/lib/bootstrap/less/mixins.less
HTTP_REFERER=http://localhost/baseyii/site/page.asp?view=about
---
2013/02/24 02:47:34 [error] [exception.CHttpException.404] exception 'CHttpException' with message 'Unable to resolve the request "assets/lib/bootstrap/less/mixins.less".' in /Applications/MAMP/htdocs/yii/framework/web/CWebApplication.php:286
Stack trace:
#0 /Applications/MAMP/htdocs/yii/framework/web/CWebApplication.php(141): CWebApplication->runController('assets/lib/boot...')
#1 /Applications/MAMP/htdocs/yii/framework/base/CApplication.php(169): CWebApplication->processRequest()
#2 /Applications/MAMP/htdocs/baseyii/index.php(13): CApplication->run()
#3 {main}
REQUEST_URI=/baseyii/assets/lib/bootstrap/less/mixins.less
HTTP_REFERER=http://localhost/baseyii/site/login.asp
---
2013/02/24 02:47:46 [error] [exception.CHttpException.404] exception 'CHttpException' with message 'Unable to resolve the request "assets/lib/bootstrap/less/mixins.less".' in /Applications/MAMP/htdocs/yii/framework/web/CWebApplication.php:286
Stack trace:
#0 /Applications/MAMP/htdocs/yii/framework/web/CWebApplication.php(141): CWebApplication->runController('assets/lib/boot...')
#1 /Applications/MAMP/htdocs/yii/framework/base/CApplication.php(169): CWebApplication->processRequest()
#2 /Applications/MAMP/htdocs/baseyii/index.php(13): CApplication->run()
#3 {main}
REQUEST_URI=/baseyii/assets/lib/bootstrap/less/mixins.less
HTTP_REFERER=http://localhost/baseyii/
---
2013/02/24 02:48:04 [error] [exception.CHttpException.404] exception 'CHttpException' with message 'Unable to resolve the request "assets/lib/bootstrap/less/mixins.less".' in /Applications/MAMP/htdocs/yii/framework/web/CWebApplication.php:286
Stack trace:
#0 /Applications/MAMP/htdocs/yii/framework/web/CWebApplication.php(141): CWebApplication->runController('assets/lib/boot...')
#1 /Applications/MAMP/htdocs/yii/framework/base/CApplication.php(169): CWebApplication->processRequest()
#2 /Applications/MAMP/htdocs/baseyii/index.php(13): CApplication->run()
#3 {main}
REQUEST_URI=/baseyii/assets/lib/bootstrap/less/mixins.less
HTTP_REFERER=http://localhost/baseyii/
---
2013/02/24 02:48:07 [error] [exception.CHttpException.404] exception 'CHttpException' with message 'Unable to resolve the request "assets/lib/bootstrap/less/mixins.less".' in /Applications/MAMP/htdocs/yii/framework/web/CWebApplication.php:286
Stack trace:
#0 /Applications/MAMP/htdocs/yii/framework/web/CWebApplication.php(141): CWebApplication->runController('assets/lib/boot...')
#1 /Applications/MAMP/htdocs/yii/framework/base/CApplication.php(169): CWebApplication->processRequest()
#2 /Applications/MAMP/htdocs/baseyii/index.php(13): CApplication->run()
#3 {main}
REQUEST_URI=/baseyii/assets/lib/bootstrap/less/mixins.less
HTTP_REFERER=http://localhost/baseyii/site/page.asp?view=about
---
2013/02/24 02:48:09 [error] [exception.CHttpException.404] exception 'CHttpException' with message 'Unable to resolve the request "assets/lib/bootstrap/less/mixins.less".' in /Applications/MAMP/htdocs/yii/framework/web/CWebApplication.php:286
Stack trace:
#0 /Applications/MAMP/htdocs/yii/framework/web/CWebApplication.php(141): CWebApplication->runController('assets/lib/boot...')
#1 /Applications/MAMP/htdocs/yii/framework/base/CApplication.php(169): CWebApplication->processRequest()
#2 /Applications/MAMP/htdocs/baseyii/index.php(13): CApplication->run()
#3 {main}
REQUEST_URI=/baseyii/assets/lib/bootstrap/less/mixins.less
HTTP_REFERER=http://localhost/baseyii/site/contact.asp
---
2013/02/24 02:50:24 [error] [exception.CHttpException.404] exception 'CHttpException' with message 'Unable to resolve the request "assets/lib/bootstrap/less/mixins.less".' in /Applications/MAMP/htdocs/yii/framework/web/CWebApplication.php:286
Stack trace:
#0 /Applications/MAMP/htdocs/yii/framework/web/CWebApplication.php(141): CWebApplication->runController('assets/lib/boot...')
#1 /Applications/MAMP/htdocs/yii/framework/base/CApplication.php(169): CWebApplication->processRequest()
#2 /Applications/MAMP/htdocs/baseyii/index.php(13): CApplication->run()
#3 {main}
REQUEST_URI=/baseyii/assets/lib/bootstrap/less/mixins.less
HTTP_REFERER=http://localhost/baseyii/
---
2013/02/24 02:52:16 [error] [exception.CHttpException.404] exception 'CHttpException' with message 'Unable to resolve the request "assets/lib/bootstrap/less/mixins.less".' in /Applications/MAMP/htdocs/yii/framework/web/CWebApplication.php:286
Stack trace:
#0 /Applications/MAMP/htdocs/yii/framework/web/CWebApplication.php(141): CWebApplication->runController('assets/lib/boot...')
#1 /Applications/MAMP/htdocs/yii/framework/base/CApplication.php(169): CWebApplication->processRequest()
#2 /Applications/MAMP/htdocs/baseyii/index.php(13): CApplication->run()
#3 {main}
REQUEST_URI=/baseyii/assets/lib/bootstrap/less/mixins.less
HTTP_REFERER=http://localhost/baseyii/
---
2013/02/24 02:52:19 [error] [exception.CHttpException.404] exception 'CHttpException' with message 'Unable to resolve the request "assets/lib/bootstrap/less/mixins.less".' in /Applications/MAMP/htdocs/yii/framework/web/CWebApplication.php:286
Stack trace:
#0 /Applications/MAMP/htdocs/yii/framework/web/CWebApplication.php(141): CWebApplication->runController('assets/lib/boot...')
#1 /Applications/MAMP/htdocs/yii/framework/base/CApplication.php(169): CWebApplication->processRequest()
#2 /Applications/MAMP/htdocs/baseyii/index.php(13): CApplication->run()
#3 {main}
REQUEST_URI=/baseyii/assets/lib/bootstrap/less/mixins.less
---
2013/02/24 03:26:36 [error] [exception.CHttpException.404] exception 'CHttpException' with message 'Unable to resolve the request "assets/lib/bootstrap/less/mixins.less".' in /Applications/MAMP/htdocs/yii/framework/web/CWebApplication.php:286
Stack trace:
#0 /Applications/MAMP/htdocs/yii/framework/web/CWebApplication.php(141): CWebApplication->runController('assets/lib/boot...')
#1 /Applications/MAMP/htdocs/yii/framework/base/CApplication.php(169): CWebApplication->processRequest()
#2 /Applications/MAMP/htdocs/baseyii/index.php(13): CApplication->run()
#3 {main}
REQUEST_URI=/baseyii/assets/lib/bootstrap/less/mixins.less
HTTP_REFERER=http://localhost/baseyii/site/login.asp
---
2013/02/24 03:26:54 [error] [exception.CHttpException.404] exception 'CHttpException' with message 'Unable to resolve the request "assets/lib/bootstrap/less/mixins.less".' in /Applications/MAMP/htdocs/yii/framework/web/CWebApplication.php:286
Stack trace:
#0 /Applications/MAMP/htdocs/yii/framework/web/CWebApplication.php(141): CWebApplication->runController('assets/lib/boot...')
#1 /Applications/MAMP/htdocs/yii/framework/base/CApplication.php(169): CWebApplication->processRequest()
#2 /Applications/MAMP/htdocs/baseyii/index.php(13): CApplication->run()
#3 {main}
REQUEST_URI=/baseyii/assets/lib/bootstrap/less/mixins.less
HTTP_REFERER=http://localhost/baseyii/site/index.asp
---
2013/02/24 03:27:08 [error] [exception.CHttpException.404] exception 'CHttpException' with message 'Unable to resolve the request "assets/lib/bootstrap/less/mixins.less".' in /Applications/MAMP/htdocs/yii/framework/web/CWebApplication.php:286
Stack trace:
#0 /Applications/MAMP/htdocs/yii/framework/web/CWebApplication.php(141): CWebApplication->runController('assets/lib/boot...')
#1 /Applications/MAMP/htdocs/yii/framework/base/CApplication.php(169): CWebApplication->processRequest()
#2 /Applications/MAMP/htdocs/baseyii/index.php(13): CApplication->run()
#3 {main}
REQUEST_URI=/baseyii/assets/lib/bootstrap/less/mixins.less
HTTP_REFERER=http://localhost/baseyii/site/contact.asp
---
2013/02/24 03:27:24 [error] [exception.CHttpException.404] exception 'CHttpException' with message 'Unable to resolve the request "assets/lib/bootstrap/less/mixins.less".' in /Applications/MAMP/htdocs/yii/framework/web/CWebApplication.php:286
Stack trace:
#0 /Applications/MAMP/htdocs/yii/framework/web/CWebApplication.php(141): CWebApplication->runController('assets/lib/boot...')
#1 /Applications/MAMP/htdocs/yii/framework/base/CApplication.php(169): CWebApplication->processRequest()
#2 /Applications/MAMP/htdocs/baseyii/index.php(13): CApplication->run()
#3 {main}
REQUEST_URI=/baseyii/assets/lib/bootstrap/less/mixins.less
HTTP_REFERER=http://localhost/baseyii/site/contact.asp
---
2013/02/24 03:27:48 [error] [exception.CHttpException.404] exception 'CHttpException' with message 'Unable to resolve the request "assets/lib/bootstrap/less/mixins.less".' in /Applications/MAMP/htdocs/yii/framework/web/CWebApplication.php:286
Stack trace:
#0 /Applications/MAMP/htdocs/yii/framework/web/CWebApplication.php(141): CWebApplication->runController('assets/lib/boot...')
#1 /Applications/MAMP/htdocs/yii/framework/base/CApplication.php(169): CWebApplication->processRequest()
#2 /Applications/MAMP/htdocs/baseyii/index.php(13): CApplication->run()
#3 {main}
REQUEST_URI=/baseyii/assets/lib/bootstrap/less/mixins.less
HTTP_REFERER=http://localhost/baseyii/site/contact.asp
---
2013/02/24 03:28:01 [error] [exception.CHttpException.404] exception 'CHttpException' with message 'Unable to resolve the request "assets/lib/bootstrap/less/mixins.less".' in /Applications/MAMP/htdocs/yii/framework/web/CWebApplication.php:286
Stack trace:
#0 /Applications/MAMP/htdocs/yii/framework/web/CWebApplication.php(141): CWebApplication->runController('assets/lib/boot...')
#1 /Applications/MAMP/htdocs/yii/framework/base/CApplication.php(169): CWebApplication->processRequest()
#2 /Applications/MAMP/htdocs/baseyii/index.php(13): CApplication->run()
#3 {main}
REQUEST_URI=/baseyii/assets/lib/bootstrap/less/mixins.less
HTTP_REFERER=http://localhost/baseyii/
---
2013/02/27 04:08:26 [error] [exception.CHttpException.404] exception 'CHttpException' with message 'Unable to resolve the request "assets/lib/bootstrap/less/mixins.less".' in /Applications/MAMP/htdocs/yii/framework/web/CWebApplication.php:286
Stack trace:
#0 /Applications/MAMP/htdocs/yii/framework/web/CWebApplication.php(141): CWebApplication->runController('assets/lib/boot...')
#1 /Applications/MAMP/htdocs/yii/framework/base/CApplication.php(169): CWebApplication->processRequest()
#2 /Applications/MAMP/htdocs/baseyii/index.php(13): CApplication->run()
#3 {main}
REQUEST_URI=/baseyii/assets/lib/bootstrap/less/mixins.less
HTTP_REFERER=http://172.168.10.103/baseyii/
---
2013/02/27 04:08:31 [error] [exception.CHttpException.404] exception 'CHttpException' with message 'Unable to resolve the request "assets/lib/bootstrap/less/mixins.less".' in /Applications/MAMP/htdocs/yii/framework/web/CWebApplication.php:286
Stack trace:
#0 /Applications/MAMP/htdocs/yii/framework/web/CWebApplication.php(141): CWebApplication->runController('assets/lib/boot...')
#1 /Applications/MAMP/htdocs/yii/framework/base/CApplication.php(169): CWebApplication->processRequest()
#2 /Applications/MAMP/htdocs/baseyii/index.php(13): CApplication->run()
#3 {main}
REQUEST_URI=/baseyii/assets/lib/bootstrap/less/mixins.less
HTTP_REFERER=http://172.168.10.103/baseyii/site/login.asp
---
2013/02/27 04:08:37 [error] [exception.CHttpException.404] exception 'CHttpException' with message 'Unable to resolve the request "assets/lib/bootstrap/less/mixins.less".' in /Applications/MAMP/htdocs/yii/framework/web/CWebApplication.php:286
Stack trace:
#0 /Applications/MAMP/htdocs/yii/framework/web/CWebApplication.php(141): CWebApplication->runController('assets/lib/boot...')
#1 /Applications/MAMP/htdocs/yii/framework/base/CApplication.php(169): CWebApplication->processRequest()
#2 /Applications/MAMP/htdocs/baseyii/index.php(13): CApplication->run()
#3 {main}
REQUEST_URI=/baseyii/assets/lib/bootstrap/less/mixins.less
HTTP_REFERER=http://172.168.10.103/baseyii/site/contact.asp
---
2013/02/27 04:08:39 [error] [exception.CHttpException.404] exception 'CHttpException' with message 'Unable to resolve the request "assets/lib/bootstrap/less/mixins.less".' in /Applications/MAMP/htdocs/yii/framework/web/CWebApplication.php:286
Stack trace:
#0 /Applications/MAMP/htdocs/yii/framework/web/CWebApplication.php(141): CWebApplication->runController('assets/lib/boot...')
#1 /Applications/MAMP/htdocs/yii/framework/base/CApplication.php(169): CWebApplication->processRequest()
#2 /Applications/MAMP/htdocs/baseyii/index.php(13): CApplication->run()
#3 {main}
REQUEST_URI=/baseyii/assets/lib/bootstrap/less/mixins.less
HTTP_REFERER=http://172.168.10.103/baseyii/site/page.asp?view=about
---
2013/02/27 04:08:40 [error] [exception.CHttpException.404] exception 'CHttpException' with message 'Unable to resolve the request "assets/lib/bootstrap/less/mixins.less".' in /Applications/MAMP/htdocs/yii/framework/web/CWebApplication.php:286
Stack trace:
#0 /Applications/MAMP/htdocs/yii/framework/web/CWebApplication.php(141): CWebApplication->runController('assets/lib/boot...')
#1 /Applications/MAMP/htdocs/yii/framework/base/CApplication.php(169): CWebApplication->processRequest()
#2 /Applications/MAMP/htdocs/baseyii/index.php(13): CApplication->run()
#3 {main}
REQUEST_URI=/baseyii/assets/lib/bootstrap/less/mixins.less
HTTP_REFERER=http://172.168.10.103/baseyii/site/index.asp
---
2013/02/27 04:08:41 [error] [exception.CHttpException.404] exception 'CHttpException' with message 'Unable to resolve the request "assets/lib/bootstrap/less/mixins.less".' in /Applications/MAMP/htdocs/yii/framework/web/CWebApplication.php:286
Stack trace:
#0 /Applications/MAMP/htdocs/yii/framework/web/CWebApplication.php(141): CWebApplication->runController('assets/lib/boot...')
#1 /Applications/MAMP/htdocs/yii/framework/base/CApplication.php(169): CWebApplication->processRequest()
#2 /Applications/MAMP/htdocs/baseyii/index.php(13): CApplication->run()
#3 {main}
REQUEST_URI=/baseyii/assets/lib/bootstrap/less/mixins.less
HTTP_REFERER=http://172.168.10.103/baseyii/site/page.asp?view=about
---
2013/02/27 04:11:46 [error] [exception.CHttpException.404] exception 'CHttpException' with message 'Unable to resolve the request "assets/lib/bootstrap/less/mixins.less".' in /Applications/MAMP/htdocs/yii/framework/web/CWebApplication.php:286
Stack trace:
#0 /Applications/MAMP/htdocs/yii/framework/web/CWebApplication.php(141): CWebApplication->runController('assets/lib/boot...')
#1 /Applications/MAMP/htdocs/yii/framework/base/CApplication.php(169): CWebApplication->processRequest()
#2 /Applications/MAMP/htdocs/baseyii/index.php(13): CApplication->run()
#3 {main}
REQUEST_URI=/baseyii/assets/lib/bootstrap/less/mixins.less
HTTP_REFERER=http://172.168.10.103/baseyii/site/index.asp
---
2013/02/27 04:12:17 [error] [exception.CHttpException.404] exception 'CHttpException' with message 'Unable to resolve the request "assets/lib/bootstrap/less/mixins.less".' in /Applications/MAMP/htdocs/yii/framework/web/CWebApplication.php:286
Stack trace:
#0 /Applications/MAMP/htdocs/yii/framework/web/CWebApplication.php(141): CWebApplication->runController('assets/lib/boot...')
#1 /Applications/MAMP/htdocs/yii/framework/base/CApplication.php(169): CWebApplication->processRequest()
#2 /Applications/MAMP/htdocs/baseyii/index.php(13): CApplication->run()
#3 {main}
REQUEST_URI=/baseyii/assets/lib/bootstrap/less/mixins.less
HTTP_REFERER=http://172.168.10.103/baseyii/site/contact.asp
---
2013/02/27 04:12:32 [error] [exception.CHttpException.404] exception 'CHttpException' with message 'Unable to resolve the request "assets/lib/bootstrap/less/mixins.less".' in /Applications/MAMP/htdocs/yii/framework/web/CWebApplication.php:286
Stack trace:
#0 /Applications/MAMP/htdocs/yii/framework/web/CWebApplication.php(141): CWebApplication->runController('assets/lib/boot...')
#1 /Applications/MAMP/htdocs/yii/framework/base/CApplication.php(169): CWebApplication->processRequest()
#2 /Applications/MAMP/htdocs/baseyii/index.php(13): CApplication->run()
#3 {main}
REQUEST_URI=/baseyii/assets/lib/bootstrap/less/mixins.less
HTTP_REFERER=http://172.168.10.103/baseyii/site/contact.asp
---
2013/02/27 04:12:33 [error] [exception.CHttpException.404] exception 'CHttpException' with message 'Unable to resolve the request "assets/lib/bootstrap/less/mixins.less".' in /Applications/MAMP/htdocs/yii/framework/web/CWebApplication.php:286
Stack trace:
#0 /Applications/MAMP/htdocs/yii/framework/web/CWebApplication.php(141): CWebApplication->runController('assets/lib/boot...')
#1 /Applications/MAMP/htdocs/yii/framework/base/CApplication.php(169): CWebApplication->processRequest()
#2 /Applications/MAMP/htdocs/baseyii/index.php(13): CApplication->run()
#3 {main}
REQUEST_URI=/baseyii/assets/lib/bootstrap/less/mixins.less
HTTP_REFERER=http://172.168.10.103/baseyii/site/page.asp?view=about
---
2013/02/27 04:12:35 [error] [exception.CHttpException.404] exception 'CHttpException' with message 'Unable to resolve the request "assets/lib/bootstrap/less/mixins.less".' in /Applications/MAMP/htdocs/yii/framework/web/CWebApplication.php:286
Stack trace:
#0 /Applications/MAMP/htdocs/yii/framework/web/CWebApplication.php(141): CWebApplication->runController('assets/lib/boot...')
#1 /Applications/MAMP/htdocs/yii/framework/base/CApplication.php(169): CWebApplication->processRequest()
#2 /Applications/MAMP/htdocs/baseyii/index.php(13): CApplication->run()
#3 {main}
REQUEST_URI=/baseyii/assets/lib/bootstrap/less/mixins.less
HTTP_REFERER=http://172.168.10.103/baseyii/site/page.asp?view=about
---
2013/02/27 04:12:36 [error] [exception.CHttpException.404] exception 'CHttpException' with message 'Unable to resolve the request "assets/lib/bootstrap/less/mixins.less".' in /Applications/MAMP/htdocs/yii/framework/web/CWebApplication.php:286
Stack trace:
#0 /Applications/MAMP/htdocs/yii/framework/web/CWebApplication.php(141): CWebApplication->runController('assets/lib/boot...')
#1 /Applications/MAMP/htdocs/yii/framework/base/CApplication.php(169): CWebApplication->processRequest()
#2 /Applications/MAMP/htdocs/baseyii/index.php(13): CApplication->run()
#3 {main}
REQUEST_URI=/baseyii/assets/lib/bootstrap/less/mixins.less
HTTP_REFERER=http://172.168.10.103/baseyii/
---
2013/02/27 04:16:29 [error] [exception.CHttpException.404] exception 'CHttpException' with message 'Unable to resolve the request "assets/lib/bootstrap/less/mixins.less".' in /Applications/MAMP/htdocs/yii/framework/web/CWebApplication.php:286
Stack trace:
#0 /Applications/MAMP/htdocs/yii/framework/web/CWebApplication.php(141): CWebApplication->runController('assets/lib/boot...')
#1 /Applications/MAMP/htdocs/yii/framework/base/CApplication.php(169): CWebApplication->processRequest()
#2 /Applications/MAMP/htdocs/baseyii/index.php(13): CApplication->run()
#3 {main}
REQUEST_URI=/baseyii/assets/lib/bootstrap/less/mixins.less
HTTP_REFERER=http://172.168.10.103/baseyii/site/index.asp
---
2013/02/27 04:16:30 [error] [exception.CHttpException.404] exception 'CHttpException' with message 'Unable to resolve the request "assets/lib/bootstrap/less/mixins.less".' in /Applications/MAMP/htdocs/yii/framework/web/CWebApplication.php:286
Stack trace:
#0 /Applications/MAMP/htdocs/yii/framework/web/CWebApplication.php(141): CWebApplication->runController('assets/lib/boot...')
#1 /Applications/MAMP/htdocs/yii/framework/base/CApplication.php(169): CWebApplication->processRequest()
#2 /Applications/MAMP/htdocs/baseyii/index.php(13): CApplication->run()
#3 {main}
REQUEST_URI=/baseyii/assets/lib/bootstrap/less/mixins.less
HTTP_REFERER=http://172.168.10.103/baseyii/site/page.asp?view=about
---
2013/02/27 04:31:15 [error] [exception.CHttpException.404] exception 'CHttpException' with message 'Unable to resolve the request "assets/lib/bootstrap/less/mixins.less".' in /Applications/MAMP/htdocs/yii/framework/web/CWebApplication.php:286
Stack trace:
#0 /Applications/MAMP/htdocs/yii/framework/web/CWebApplication.php(141): CWebApplication->runController('assets/lib/boot...')
#1 /Applications/MAMP/htdocs/yii/framework/base/CApplication.php(169): CWebApplication->processRequest()
#2 /Applications/MAMP/htdocs/baseyii/index.php(13): CApplication->run()
#3 {main}
REQUEST_URI=/baseyii/assets/lib/bootstrap/less/mixins.less
HTTP_REFERER=http://172.168.10.103/baseyii/site/index.asp
---
2013/02/27 04:31:17 [error] [exception.CHttpException.404] exception 'CHttpException' with message 'Unable to resolve the request "assets/lib/bootstrap/less/mixins.less".' in /Applications/MAMP/htdocs/yii/framework/web/CWebApplication.php:286
Stack trace:
#0 /Applications/MAMP/htdocs/yii/framework/web/CWebApplication.php(141): CWebApplication->runController('assets/lib/boot...')
#1 /Applications/MAMP/htdocs/yii/framework/base/CApplication.php(169): CWebApplication->processRequest()
#2 /Applications/MAMP/htdocs/baseyii/index.php(13): CApplication->run()
#3 {main}
REQUEST_URI=/baseyii/assets/lib/bootstrap/less/mixins.less
HTTP_REFERER=http://172.168.10.103/baseyii/site/contact.asp
---
2013/02/27 04:44:44 [error] [exception.CHttpException.404] exception 'CHttpException' with message 'Unable to resolve the request "assets/lib/bootstrap/less/mixins.less".' in /Applications/MAMP/htdocs/yii/framework/web/CWebApplication.php:286
Stack trace:
#0 /Applications/MAMP/htdocs/yii/framework/web/CWebApplication.php(141): CWebApplication->runController('assets/lib/boot...')
#1 /Applications/MAMP/htdocs/yii/framework/base/CApplication.php(169): CWebApplication->processRequest()
#2 /Applications/MAMP/htdocs/baseyii/index.php(13): CApplication->run()
#3 {main}
REQUEST_URI=/baseyii/assets/lib/bootstrap/less/mixins.less
HTTP_REFERER=http://172.168.10.103/baseyii/site/page.asp?view=about
---
2013/02/27 04:44:45 [error] [exception.CHttpException.404] exception 'CHttpException' with message 'Unable to resolve the request "assets/lib/bootstrap/less/mixins.less".' in /Applications/MAMP/htdocs/yii/framework/web/CWebApplication.php:286
Stack trace:
#0 /Applications/MAMP/htdocs/yii/framework/web/CWebApplication.php(141): CWebApplication->runController('assets/lib/boot...')
#1 /Applications/MAMP/htdocs/yii/framework/base/CApplication.php(169): CWebApplication->processRequest()
#2 /Applications/MAMP/htdocs/baseyii/index.php(13): CApplication->run()
#3 {main}
REQUEST_URI=/baseyii/assets/lib/bootstrap/less/mixins.less
HTTP_REFERER=http://172.168.10.103/baseyii/site/index.asp
---
2013/03/03 05:05:23 [error] [exception.CHttpException.404] exception 'CHttpException' with message 'Unable to resolve the request "assets/lib/bootstrap/less/mixins.less".' in /Applications/MAMP/htdocs/yii/framework/web/CWebApplication.php:286
Stack trace:
#0 /Applications/MAMP/htdocs/yii/framework/web/CWebApplication.php(141): CWebApplication->runController('assets/lib/boot...')
#1 /Applications/MAMP/htdocs/yii/framework/base/CApplication.php(169): CWebApplication->processRequest()
#2 /Applications/MAMP/htdocs/baseyii/index.php(13): CApplication->run()
#3 {main}
REQUEST_URI=/baseyii/assets/lib/bootstrap/less/mixins.less
HTTP_REFERER=http://localhost/baseyii/
---
2013/03/03 05:05:26 [error] [exception.CHttpException.404] exception 'CHttpException' with message 'Unable to resolve the request "assets/lib/bootstrap/less/mixins.less".' in /Applications/MAMP/htdocs/yii/framework/web/CWebApplication.php:286
Stack trace:
#0 /Applications/MAMP/htdocs/yii/framework/web/CWebApplication.php(141): CWebApplication->runController('assets/lib/boot...')
#1 /Applications/MAMP/htdocs/yii/framework/base/CApplication.php(169): CWebApplication->processRequest()
#2 /Applications/MAMP/htdocs/baseyii/index.php(13): CApplication->run()
#3 {main}
REQUEST_URI=/baseyii/assets/lib/bootstrap/less/mixins.less
HTTP_REFERER=http://localhost/baseyii/site/page.asp?view=about
---
2013/03/03 05:05:28 [error] [exception.CHttpException.404] exception 'CHttpException' with message 'Unable to resolve the request "assets/lib/bootstrap/less/mixins.less".' in /Applications/MAMP/htdocs/yii/framework/web/CWebApplication.php:286
Stack trace:
#0 /Applications/MAMP/htdocs/yii/framework/web/CWebApplication.php(141): CWebApplication->runController('assets/lib/boot...')
#1 /Applications/MAMP/htdocs/yii/framework/base/CApplication.php(169): CWebApplication->processRequest()
#2 /Applications/MAMP/htdocs/baseyii/index.php(13): CApplication->run()
#3 {main}
REQUEST_URI=/baseyii/assets/lib/bootstrap/less/mixins.less
HTTP_REFERER=http://localhost/baseyii/site/contact.asp
---
2013/03/03 05:05:36 [error] [exception.CHttpException.404] exception 'CHttpException' with message 'Unable to resolve the request "assets/lib/bootstrap/less/mixins.less".' in /Applications/MAMP/htdocs/yii/framework/web/CWebApplication.php:286
Stack trace:
#0 /Applications/MAMP/htdocs/yii/framework/web/CWebApplication.php(141): CWebApplication->runController('assets/lib/boot...')
#1 /Applications/MAMP/htdocs/yii/framework/base/CApplication.php(169): CWebApplication->processRequest()
#2 /Applications/MAMP/htdocs/baseyii/index.php(13): CApplication->run()
#3 {main}
REQUEST_URI=/baseyii/assets/lib/bootstrap/less/mixins.less
HTTP_REFERER=http://localhost/baseyii/
---
2013/03/03 05:05:41 [error] [exception.CHttpException.404] exception 'CHttpException' with message 'Unable to resolve the request "assets/lib/bootstrap/less/mixins.less".' in /Applications/MAMP/htdocs/yii/framework/web/CWebApplication.php:286
Stack trace:
#0 /Applications/MAMP/htdocs/yii/framework/web/CWebApplication.php(141): CWebApplication->runController('assets/lib/boot...')
#1 /Applications/MAMP/htdocs/yii/framework/base/CApplication.php(169): CWebApplication->processRequest()
#2 /Applications/MAMP/htdocs/baseyii/index.php(13): CApplication->run()
#3 {main}
REQUEST_URI=/baseyii/assets/lib/bootstrap/less/mixins.less
HTTP_REFERER=http://localhost/baseyii/site/page.asp?view=about
---
2013/03/03 05:05:47 [error] [exception.CHttpException.404] exception 'CHttpException' with message 'Unable to resolve the request "assets/lib/bootstrap/less/mixins.less".' in /Applications/MAMP/htdocs/yii/framework/web/CWebApplication.php:286
Stack trace:
#0 /Applications/MAMP/htdocs/yii/framework/web/CWebApplication.php(141): CWebApplication->runController('assets/lib/boot...')
#1 /Applications/MAMP/htdocs/yii/framework/base/CApplication.php(169): CWebApplication->processRequest()
#2 /Applications/MAMP/htdocs/baseyii/index.php(13): CApplication->run()
#3 {main}
REQUEST_URI=/baseyii/assets/lib/bootstrap/less/mixins.less
HTTP_REFERER=http://localhost/baseyii/site/contact.asp
---
2013/03/03 05:05:49 [error] [exception.CHttpException.404] exception 'CHttpException' with message 'Unable to resolve the request "assets/lib/bootstrap/less/mixins.less".' in /Applications/MAMP/htdocs/yii/framework/web/CWebApplication.php:286
Stack trace:
#0 /Applications/MAMP/htdocs/yii/framework/web/CWebApplication.php(141): CWebApplication->runController('assets/lib/boot...')
#1 /Applications/MAMP/htdocs/yii/framework/base/CApplication.php(169): CWebApplication->processRequest()
#2 /Applications/MAMP/htdocs/baseyii/index.php(13): CApplication->run()
#3 {main}
REQUEST_URI=/baseyii/assets/lib/bootstrap/less/mixins.less
HTTP_REFERER=http://localhost/baseyii/site/login.asp
---
2013/03/03 05:05:50 [error] [exception.CHttpException.404] exception 'CHttpException' with message 'Unable to resolve the request "assets/lib/bootstrap/less/mixins.less".' in /Applications/MAMP/htdocs/yii/framework/web/CWebApplication.php:286
Stack trace:
#0 /Applications/MAMP/htdocs/yii/framework/web/CWebApplication.php(141): CWebApplication->runController('assets/lib/boot...')
#1 /Applications/MAMP/htdocs/yii/framework/base/CApplication.php(169): CWebApplication->processRequest()
#2 /Applications/MAMP/htdocs/baseyii/index.php(13): CApplication->run()
#3 {main}
REQUEST_URI=/baseyii/assets/lib/bootstrap/less/mixins.less
HTTP_REFERER=http://localhost/baseyii/site/page.asp?view=about
---
2013/03/03 05:05:53 [error] [exception.CHttpException.404] exception 'CHttpException' with message 'The requested view "index" was not found.' in /Applications/MAMP/htdocs/yii/framework/web/actions/CViewAction.php:112
Stack trace:
#0 /Applications/MAMP/htdocs/yii/framework/web/actions/CViewAction.php(123): CViewAction->resolveView('index')
#1 /Applications/MAMP/htdocs/yii/framework/web/actions/CAction.php(76): CViewAction->run()
#2 /Applications/MAMP/htdocs/yii/framework/web/CController.php(308): CAction->runWithParams(Array)
#3 /Applications/MAMP/htdocs/yii/framework/web/CController.php(286): CController->runAction(Object(CViewAction))
#4 /Applications/MAMP/htdocs/yii/framework/web/CController.php(265): CController->runActionWithFilters(Object(CViewAction), Array)
#5 /Applications/MAMP/htdocs/yii/framework/web/CWebApplication.php(282): CController->run('page')
#6 /Applications/MAMP/htdocs/yii/framework/web/CWebApplication.php(141): CWebApplication->runController('site/page')
#7 /Applications/MAMP/htdocs/yii/framework/base/CApplication.php(169): CWebApplication->processRequest()
#8 /Applications/MAMP/htdocs/baseyii/index.php(13): CApplication->run()
#9 {main}
REQUEST_URI=/baseyii/site/page.asp
---
2013/03/03 05:05:54 [error] [exception.CHttpException.404] exception 'CHttpException' with message 'Unable to resolve the request "assets/lib/bootstrap/less/mixins.less".' in /Applications/MAMP/htdocs/yii/framework/web/CWebApplication.php:286
Stack trace:
#0 /Applications/MAMP/htdocs/yii/framework/web/CWebApplication.php(141): CWebApplication->runController('assets/lib/boot...')
#1 /Applications/MAMP/htdocs/yii/framework/base/CApplication.php(169): CWebApplication->processRequest()
#2 /Applications/MAMP/htdocs/baseyii/index.php(13): CApplication->run()
#3 {main}
REQUEST_URI=/baseyii/assets/lib/bootstrap/less/mixins.less
HTTP_REFERER=http://localhost/baseyii/site/page.asp
---
2013/03/03 05:05:59 [error] [exception.CHttpException.404] exception 'CHttpException' with message 'Unable to resolve the request "assets/lib/bootstrap/less/mixins.less".' in /Applications/MAMP/htdocs/yii/framework/web/CWebApplication.php:286
Stack trace:
#0 /Applications/MAMP/htdocs/yii/framework/web/CWebApplication.php(141): CWebApplication->runController('assets/lib/boot...')
#1 /Applications/MAMP/htdocs/yii/framework/base/CApplication.php(169): CWebApplication->processRequest()
#2 /Applications/MAMP/htdocs/baseyii/index.php(13): CApplication->run()
#3 {main}
REQUEST_URI=/baseyii/assets/lib/bootstrap/less/mixins.less
HTTP_REFERER=http://localhost/baseyii/
---
2013/03/14 10:14:50 [error] [exception.CHttpException.404] exception 'CHttpException' with message 'Unable to resolve the request "assets/lib/bootstrap/less/mixins.less".' in /Applications/MAMP/htdocs/yii/framework/web/CWebApplication.php:286
Stack trace:
#0 /Applications/MAMP/htdocs/yii/framework/web/CWebApplication.php(141): CWebApplication->runController('assets/lib/boot...')
#1 /Applications/MAMP/htdocs/yii/framework/base/CApplication.php(169): CWebApplication->processRequest()
#2 /Applications/MAMP/htdocs/baseyii/index.php(13): CApplication->run()
#3 {main}
REQUEST_URI=/baseyii/assets/lib/bootstrap/less/mixins.less
HTTP_REFERER=http://localhost/baseyii/
---
2013/03/14 10:15:02 [error] [exception.CHttpException.404] exception 'CHttpException' with message 'Unable to resolve the request "assets/lib/bootstrap/less/mixins.less".' in /Applications/MAMP/htdocs/yii/framework/web/CWebApplication.php:286
Stack trace:
#0 /Applications/MAMP/htdocs/yii/framework/web/CWebApplication.php(141): CWebApplication->runController('assets/lib/boot...')
#1 /Applications/MAMP/htdocs/yii/framework/base/CApplication.php(169): CWebApplication->processRequest()
#2 /Applications/MAMP/htdocs/baseyii/index.php(13): CApplication->run()
#3 {main}
REQUEST_URI=/baseyii/assets/lib/bootstrap/less/mixins.less
HTTP_REFERER=http://localhost/baseyii/site/page.asp?view=about
---
2013/03/14 10:15:06 [error] [exception.CHttpException.404] exception 'CHttpException' with message 'Unable to resolve the request "assets/lib/bootstrap/less/mixins.less".' in /Applications/MAMP/htdocs/yii/framework/web/CWebApplication.php:286
Stack trace:
#0 /Applications/MAMP/htdocs/yii/framework/web/CWebApplication.php(141): CWebApplication->runController('assets/lib/boot...')
#1 /Applications/MAMP/htdocs/yii/framework/base/CApplication.php(169): CWebApplication->processRequest()
#2 /Applications/MAMP/htdocs/baseyii/index.php(13): CApplication->run()
#3 {main}
REQUEST_URI=/baseyii/assets/lib/bootstrap/less/mixins.less
HTTP_REFERER=http://localhost/baseyii/site/contact.asp
---
2013/03/14 10:15:08 [error] [exception.CHttpException.404] exception 'CHttpException' with message 'Unable to resolve the request "assets/lib/bootstrap/less/mixins.less".' in /Applications/MAMP/htdocs/yii/framework/web/CWebApplication.php:286
Stack trace:
#0 /Applications/MAMP/htdocs/yii/framework/web/CWebApplication.php(141): CWebApplication->runController('assets/lib/boot...')
#1 /Applications/MAMP/htdocs/yii/framework/base/CApplication.php(169): CWebApplication->processRequest()
#2 /Applications/MAMP/htdocs/baseyii/index.php(13): CApplication->run()
#3 {main}
REQUEST_URI=/baseyii/assets/lib/bootstrap/less/mixins.less
HTTP_REFERER=http://localhost/baseyii/site/index.asp
---
